# JRE version: Java(TM) SE Runtime Environment (8.0_40-b25) (build 1.8.0_40-b25)
# Java VM: Java HotSpot(TM) 64-Bit Server VM (25.40-b25 mixed mode linux-amd64 compressed oops)
Heap:
 PSYoungGen      total 95744K, used 0K [0x00000000eda00000, 0x00000000f8d00000, 0x0000000100000000)
  eden space 44544K, 0% used [0x00000000eda00000,0x00000000eda00000,0x00000000f0580000)
  from space 51200K, 0% used [0x00000000f4400000,0x00000000f4400000,0x00000000f7600000)
  to   space 64000K, 0% used [0x00000000f0580000,0x00000000f0580000,0x00000000f4400000)
 ParOldGen       total 117760K, used 94353K [0x00000000c8e00000, 0x00000000d0100000, 0x00000000eda00000)
  object space 117760K, 80% used [0x00000000c8e00000,0x00000000cea24570,0x00000000d0100000)
 Metaspace       used 5867K, capacity 5968K, committed 6016K, reserved 1056768K
  class space    used 594K, capacity 623K, committed 640K, reserved 1048576K
GC Heap History (10 events):
Event: 2.008 GC heap after
Heap after GC invocations=8 (full 2):
 PSYoungGen      total 61952K, used 19432K [0x00000000eda00000, 0x00000000f4d80000, 0x0000000100000000)
  eden space 42496K, 0% used [0x00000000eda00000,0x00000000eda00000,0x00000000f0380000)
  from space 19456K, 99% used [0x00000000f1f00000,0x00000000f31fa0e0,0x00000000f3200000)
  to   space 28160K, 0% used [0x00000000f0380000,0x00000000f0380000,0x00000000f1f00000)
 ParOldGen       total 117760K, used 65097K [0x00000000c8e00000, 0x00000000d0100000, 0x00000000eda00000)
  object space 117760K, 55% used [0x00000000c8e00000,0x00000000ccd92488,0x00000000d0100000)
 Metaspace       used 3339K, capacity 4494K, committed 4864K, reserved 1056768K
  class space    used 362K, capacity 386K, committed 512K, reserved 1048576K
}
Event: 2.095 GC heap before
{Heap before GC invocations=9 (full 2):
 PSYoungGen      total 61952K, used 61928K [0x00000000eda00000, 0x00000000f4d80000, 0x0000000100000000)
  eden space 42496K, 100% used [0x00000000eda00000,0x00000000f0380000,0x00000000f0380000)
  from space 19456K, 99% used [0x00000000f1f00000,0x00000000f31fa0e0,0x00000000f3200000)
  to   space 28160K, 0% used [0x00000000f0380000,0x00000000f0380000,0x00000000f1f00000)
 ParOldGen       total 117760K, used 65097K [0x00000000c8e00000, 0x00000000d0100000, 0x00000000eda00000)
  object space 117760K, 55% used [0x00000000c8e00000,0x00000000ccd92488,0x00000000d0100000)
 Metaspace       used 3339K, capacity 4494K, committed 4864K, reserved 1056768K
  class space    used 362K, capacity 386K, committed 512K, reserved 1048576K
Event: 2.140 GC heap after
Heap after GC invocations=9 (full 2):
 PSYoungGen      total 70656K, used 28152K [0x00000000eda00000, 0x00000000f5780000, 0x0000000100000000)
  eden space 42496K, 0% used [0x00000000eda00000,0x00000000eda00000,0x00000000f0380000)
  from space 28160K, 99% used [0x00000000f0380000,0x00000000f1efe0d0,0x00000000f1f00000)
  to   space 36864K, 0% used [0x00000000f3380000,0x00000000f3380000,0x00000000f5780000)
 ParOldGen       total 117760K, used 73673K [0x00000000c8e00000, 0x00000000d0100000, 0x00000000eda00000)
  object space 117760K, 62% used [0x00000000c8e00000,0x00000000cd5f2488,0x00000000d0100000)
 Metaspace       used 3339K, capacity 4494K, committed 4864K, reserved 1056768K
  class space    used 362K, capacity 386K, committed 512K, reserved 1048576K
}
Event: 2.181 GC heap before
{Heap before GC invocations=10 (full 2):
 PSYoungGen      total 70656K, used 70648K [0x00000000eda00000, 0x00000000f5780000, 0x0000000100000000)
  eden space 42496K, 100% used [0x00000000eda00000,0x00000000f0380000,0x00000000f0380000)
  from space 28160K, 99% used [0x00000000f0380000,0x00000000f1efe0d0,0x00000000f1f00000)
  to   space 36864K, 0% used [0x00000000f3380000,0x00000000f3380000,0x00000000f5780000)
 ParOldGen       total 117760K, used 73673K [0x00000000c8e00000, 0x00000000d0100000, 0x00000000eda00000)
  object space 117760K, 62% used [0x00000000c8e00000,0x00000000cd5f2488,0x00000000d0100000)
 Metaspace       used 3339K, capacity 4494K, committed 4864K, reserved 1056768K
  class space    used 362K, capacity 386K, committed 512K, reserved 1048576K
Event: 2.238 GC heap after
Heap after GC invocations=10 (full 2):
 PSYoungGen      total 81920K, used 36840K [0x00000000eda00000, 0x00000000f6f00000, 0x0000000100000000)
  eden space 45056K, 0% used [0x00000000eda00000,0x00000000eda00000,0x00000000f0600000)
  from space 36864K, 99% used [0x00000000f3380000,0x00000000f577a0e0,0x00000000f5780000)
  to   space 46592K, 0% used [0x00000000f0600000,0x00000000f0600000,0x00000000f3380000)
 ParOldGen       total 117760K, used 82265K [0x00000000c8e00000, 0x00000000d0100000, 0x00000000eda00000)
  object space 117760K, 69% used [0x00000000c8e00000,0x00000000cde56488,0x00000000d0100000)
 Metaspace       used 3339K, capacity 4494K, committed 4864K, reserved 1056768K
  class space    used 362K, capacity 386K, committed 512K, reserved 1048576K
}
Event: 2.290 GC heap before
{Heap before GC invocations=11 (full 2):
 PSYoungGen      total 81920K, used 81896K [0x00000000eda00000, 0x00000000f6f00000, 0x0000000100000000)
  eden space 45056K, 100% used [0x00000000eda00000,0x00000000f0600000,0x00000000f0600000)
  from space 36864K, 99% used [0x00000000f3380000,0x00000000f577a0e0,0x00000000f5780000)
  to   space 46592K, 0% used [0x00000000f0600000,0x00000000f0600000,0x00000000f3380000)
 ParOldGen       total 117760K, used 82265K [0x00000000c8e00000, 0x00000000d0100000, 0x00000000eda00000)
  object space 117760K, 69% used [0x00000000c8e00000,0x00000000cde56488,0x00000000d0100000)
 Metaspace       used 3339K, capacity 4494K, committed 4864K, reserved 1056768K
  class space    used 362K, capacity 386K, committed 512K, reserved 1048576K
Event: 2.332 GC heap after
Heap after GC invocations=11 (full 2):
 PSYoungGen      total 91648K, used 39520K [0x00000000eda00000, 0x00000000f7600000, 0x0000000100000000)
  eden space 45056K, 0% used [0x00000000eda00000,0x00000000eda00000,0x00000000f0600000)
  from space 46592K, 84% used [0x00000000f0600000,0x00000000f2c98000,0x00000000f3380000)
  to   space 51200K, 0% used [0x00000000f4400000,0x00000000f4400000,0x00000000f7600000)
 ParOldGen       total 117760K, used 98065K [0x00000000c8e00000, 0x00000000d0100000, 0x00000000eda00000)
  object space 117760K, 83% used [0x00000000c8e00000,0x00000000cedc4598,0x00000000d0100000)
 Metaspace       used 3339K, capacity 4494K, committed 4864K, reserved 1056768K
  class space    used 362K, capacity 386K, committed 512K, reserved 1048576K
}
Event: 36.177 GC heap before
{Heap before GC invocations=12 (full 2):
 PSYoungGen      total 91648K, used 84576K [0x00000000eda00000, 0x00000000f7600000, 0x0000000100000000)
  eden space 45056K, 100% used [0x00000000eda00000,0x00000000f0600000,0x00000000f0600000)
  from space 46592K, 84% used [0x00000000f0600000,0x00000000f2c98000,0x00000000f3380000)
  to   space 51200K, 0% used [0x00000000f4400000,0x00000000f4400000,0x00000000f7600000)
 ParOldGen       total 117760K, used 98065K [0x00000000c8e00000, 0x00000000d0100000, 0x00000000eda00000)
  object space 117760K, 83% used [0x00000000c8e00000,0x00000000cedc4598,0x00000000d0100000)
 Metaspace       used 5867K, capacity 5968K, committed 6016K, reserved 1056768K
  class space    used 594K, capacity 623K, committed 640K, reserved 1048576K
Event: 36.278 GC heap after
Heap after GC invocations=12 (full 2):
 PSYoungGen      total 95744K, used 51189K [0x00000000eda00000, 0x00000000f8d00000, 0x0000000100000000)
  eden space 44544K, 0% used [0x00000000eda00000,0x00000000eda00000,0x00000000f0580000)
  from space 51200K, 99% used [0x00000000f4400000,0x00000000f75fd480,0x00000000f7600000)
  to   space 64000K, 0% used [0x00000000f0580000,0x00000000f0580000,0x00000000f4400000)
 ParOldGen       total 117760K, used 111552K [0x00000000c8e00000, 0x00000000d0100000, 0x00000000eda00000)
  object space 117760K, 94% used [0x00000000c8e00000,0x00000000cfaf0238,0x00000000d0100000)
 Metaspace       used 5867K, capacity 5968K, committed 6016K, reserved 1056768K
  class space    used 594K, capacity 623K, committed 640K, reserved 1048576K
}
Event: 36.278 GC heap before
{Heap before GC invocations=13 (full 3):
 PSYoungGen      total 95744K, used 51189K [0x00000000eda00000, 0x00000000f8d00000, 0x0000000100000000)
  eden space 44544K, 0% used [0x00000000eda00000,0x00000000eda00000,0x00000000f0580000)
  from space 51200K, 99% used [0x00000000f4400000,0x00000000f75fd480,0x00000000f7600000)
  to   space 64000K, 0% used [0x00000000f0580000,0x00000000f0580000,0x00000000f4400000)
 ParOldGen       total 117760K, used 111552K [0x00000000c8e00000, 0x00000000d0100000, 0x00000000eda00000)
  object space 117760K, 94% used [0x00000000c8e00000,0x00000000cfaf0238,0x00000000d0100000)
 Metaspace       used 5867K, capacity 5968K, committed 6016K, reserved 1056768K
  class space    used 594K, capacity 623K, committed 640K, reserved 1048576K

